<?xml version="1.0" encoding="UTF-8"?>
<!-- Generated by org.testng.reporters.JUnitXMLReporter -->
<testsuite ignored="0" hostname="Karlo" failures="0" tests="5" name="Surefire test" time="33.197" errors="0" timestamp="2025-02-03T22:05:22 CET">
  <testcase classname="HomePageTest" name="testClickOpusGlobalImage" time="7.049"/>
  <testcase classname="HomePageTest" name="testHomePageTitle" time="0.02"/>
  <testcase classname="HomePageTest" name="testPogledajViseNavigation" time="5.719"/>
  <testcase classname="HomePageTest" name="testSocialLinksArePresent" time="2.543"/>
  <testcase classname="HomePageTest" name="testVijestiPageTitle" time="3.358"/>
</testsuite> <!-- Surefire test -->
