<?xml version="1.0" encoding="UTF-8"?>
<testng-results ignored="0" total="5" passed="5" failed="0" skipped="0">
  <reporter-output>
  </reporter-output>
  <suite started-at="2025-02-03T22:04:49 CET" name="Surefire suite" finished-at="2025-02-03T22:05:22 CET" duration-ms="33197">
    <groups>
    </groups>
    <test started-at="2025-02-03T22:04:49 CET" name="Surefire test" finished-at="2025-02-03T22:05:22 CET" duration-ms="33197">
      <class name="HomePageTest">
        <test-method is-config="true" signature="setUp()[pri:0, instance:HomePageTest@4df50bcc]" started-at="2025-02-03T22:04:49 CET" name="setUp" finished-at="2025-02-03T22:04:52 CET" duration-ms="2547" status="PASS">
          <reporter-output>
          </reporter-output>
        </test-method> <!-- setUp -->
        <test-method signature="testClickOpusGlobalImage()[pri:0, instance:HomePageTest@4df50bcc]" started-at="2025-02-03T22:04:52 CET" name="testClickOpusGlobalImage" finished-at="2025-02-03T22:04:59 CET" duration-ms="7049" status="PASS">
          <reporter-output>
          </reporter-output>
        </test-method> <!-- testClickOpusGlobalImage -->
        <test-method is-config="true" signature="tearDown()[pri:0, instance:HomePageTest@4df50bcc]" started-at="2025-02-03T22:04:59 CET" name="tearDown" finished-at="2025-02-03T22:04:59 CET" duration-ms="321" status="PASS">
          <reporter-output>
          </reporter-output>
        </test-method> <!-- tearDown -->
        <test-method is-config="true" signature="setUp()[pri:0, instance:HomePageTest@4df50bcc]" started-at="2025-02-03T22:04:59 CET" name="setUp" finished-at="2025-02-03T22:05:03 CET" duration-ms="4205" status="PASS">
          <reporter-output>
          </reporter-output>
        </test-method> <!-- setUp -->
        <test-method signature="testHomePageTitle()[pri:0, instance:HomePageTest@4df50bcc]" started-at="2025-02-03T22:05:03 CET" name="testHomePageTitle" finished-at="2025-02-03T22:05:03 CET" duration-ms="20" status="PASS">
          <reporter-output>
          </reporter-output>
        </test-method> <!-- testHomePageTitle -->
        <test-method is-config="true" signature="tearDown()[pri:0, instance:HomePageTest@4df50bcc]" started-at="2025-02-03T22:05:03 CET" name="tearDown" finished-at="2025-02-03T22:05:03 CET" duration-ms="253" status="PASS">
          <reporter-output>
          </reporter-output>
        </test-method> <!-- tearDown -->
        <test-method is-config="true" signature="setUp()[pri:0, instance:HomePageTest@4df50bcc]" started-at="2025-02-03T22:05:03 CET" name="setUp" finished-at="2025-02-03T22:05:05 CET" duration-ms="1135" status="PASS">
          <reporter-output>
          </reporter-output>
        </test-method> <!-- setUp -->
        <test-method signature="testPogledajViseNavigation()[pri:0, instance:HomePageTest@4df50bcc]" started-at="2025-02-03T22:05:05 CET" name="testPogledajViseNavigation" finished-at="2025-02-03T22:05:10 CET" duration-ms="5719" status="PASS">
          <reporter-output>
          </reporter-output>
        </test-method> <!-- testPogledajViseNavigation -->
        <test-method is-config="true" signature="tearDown()[pri:0, instance:HomePageTest@4df50bcc]" started-at="2025-02-03T22:05:10 CET" name="tearDown" finished-at="2025-02-03T22:05:11 CET" duration-ms="291" status="PASS">
          <reporter-output>
          </reporter-output>
        </test-method> <!-- tearDown -->
        <test-method is-config="true" signature="setUp()[pri:0, instance:HomePageTest@4df50bcc]" started-at="2025-02-03T22:05:11 CET" name="setUp" finished-at="2025-02-03T22:05:12 CET" duration-ms="1139" status="PASS">
          <reporter-output>
          </reporter-output>
        </test-method> <!-- setUp -->
        <test-method signature="testSocialLinksArePresent()[pri:0, instance:HomePageTest@4df50bcc]" started-at="2025-02-03T22:05:12 CET" name="testSocialLinksArePresent" finished-at="2025-02-03T22:05:14 CET" duration-ms="2543" status="PASS">
          <reporter-output>
          </reporter-output>
        </test-method> <!-- testSocialLinksArePresent -->
        <test-method is-config="true" signature="tearDown()[pri:0, instance:HomePageTest@4df50bcc]" started-at="2025-02-03T22:05:14 CET" name="tearDown" finished-at="2025-02-03T22:05:15 CET" duration-ms="274" status="PASS">
          <reporter-output>
          </reporter-output>
        </test-method> <!-- tearDown -->
        <test-method is-config="true" signature="setUp()[pri:0, instance:HomePageTest@4df50bcc]" started-at="2025-02-03T22:05:15 CET" name="setUp" finished-at="2025-02-03T22:05:18 CET" duration-ms="3865" status="PASS">
          <reporter-output>
          </reporter-output>
        </test-method> <!-- setUp -->
        <test-method signature="testVijestiPageTitle()[pri:0, instance:HomePageTest@4df50bcc]" started-at="2025-02-03T22:05:18 CET" name="testVijestiPageTitle" finished-at="2025-02-03T22:05:22 CET" duration-ms="3358" status="PASS">
          <reporter-output>
          </reporter-output>
        </test-method> <!-- testVijestiPageTitle -->
        <test-method is-config="true" signature="tearDown()[pri:0, instance:HomePageTest@4df50bcc]" started-at="2025-02-03T22:05:22 CET" name="tearDown" finished-at="2025-02-03T22:05:22 CET" duration-ms="422" status="PASS">
          <reporter-output>
          </reporter-output>
        </test-method> <!-- tearDown -->
      </class> <!-- HomePageTest -->
    </test> <!-- Surefire test -->
  </suite> <!-- Surefire suite -->
</testng-results>
